2020-03-18 17:58:21,040 INFO o.a.j.u.JMeterUtils: Setting Locale to en_EN
2020-03-18 17:58:21,058 INFO o.a.j.JMeter: Loading user properties from: /usr/local/Cellar/jmeter/5.2.1/libexec/bin/user.properties
2020-03-18 17:58:21,058 INFO o.a.j.JMeter: Loading system properties from: /usr/local/Cellar/jmeter/5.2.1/libexec/bin/system.properties
2020-03-18 17:58:21,059 INFO o.a.j.JMeter: Copyright (c) 1998-2019 The Apache Software Foundation
2020-03-18 17:58:21,059 INFO o.a.j.JMeter: Version 5.2.1
2020-03-18 17:58:21,060 INFO o.a.j.JMeter: java.version=1.8.0_152
2020-03-18 17:58:21,060 INFO o.a.j.JMeter: java.vm.name=Java HotSpot(TM) 64-Bit Server VM
2020-03-18 17:58:21,060 INFO o.a.j.JMeter: os.name=Mac OS X
2020-03-18 17:58:21,060 INFO o.a.j.JMeter: os.arch=x86_64
2020-03-18 17:58:21,060 INFO o.a.j.JMeter: os.version=10.15.3
2020-03-18 17:58:21,060 INFO o.a.j.JMeter: file.encoding=UTF-8
2020-03-18 17:58:21,060 INFO o.a.j.JMeter: java.awt.headless=true
2020-03-18 17:58:21,060 INFO o.a.j.JMeter: Max memory     =1073741824
2020-03-18 17:58:21,060 INFO o.a.j.JMeter: Available Processors =8
2020-03-18 17:58:21,063 INFO o.a.j.JMeter: Default Locale=English (EN)
2020-03-18 17:58:21,064 INFO o.a.j.JMeter: JMeter  Locale=English (EN)
2020-03-18 17:58:21,064 INFO o.a.j.JMeter: JMeterHome=/usr/local/Cellar/jmeter/5.2.1/libexec
2020-03-18 17:58:21,064 INFO o.a.j.JMeter: user.dir  =/Users/watkinsav/workspace/voluntarily/vly2
2020-03-18 17:58:21,064 INFO o.a.j.JMeter: PWD       =/Users/watkinsav/workspace/voluntarily/vly2
2020-03-18 17:58:21,066 INFO o.a.j.JMeter: IP: 127.0.0.1 Name: groat.local FullName: localhost
2020-03-18 17:58:21,068 INFO o.a.j.JMeter: Setting property 'jmeter.reportgenerator.outputdir' to:'/Users/watkinsav/workspace/voluntarily/vly2/x/jmeter/webout'
2020-03-18 17:58:21,071 INFO o.a.j.s.FileServer: Default base='/Users/watkinsav/workspace/voluntarily/vly2'
2020-03-18 17:58:21,074 INFO o.a.j.s.FileServer: Set new base='/Users/watkinsav/workspace/voluntarily/vly2/x/jmeter'
2020-03-18 17:58:21,188 INFO o.a.j.s.SaveService: Testplan (JMX) version: 2.2. Testlog (JTL) version: 2.2
2020-03-18 17:58:21,199 INFO o.a.j.s.SaveService: Using SaveService properties file encoding UTF-8
2020-03-18 17:58:21,205 INFO o.a.j.s.SaveService: Using SaveService properties version 5.0
2020-03-18 17:58:21,210 INFO o.a.j.s.SaveService: Loading file: x/jmeter/Voluntarily Pages - Home.jmx
2020-03-18 17:58:21,260 INFO o.a.j.p.h.s.HTTPSamplerBase: Parser for text/html is org.apache.jmeter.protocol.http.parser.LagartoBasedHtmlParser
2020-03-18 17:58:21,260 INFO o.a.j.p.h.s.HTTPSamplerBase: Parser for application/xhtml+xml is org.apache.jmeter.protocol.http.parser.LagartoBasedHtmlParser
2020-03-18 17:58:21,260 INFO o.a.j.p.h.s.HTTPSamplerBase: Parser for application/xml is org.apache.jmeter.protocol.http.parser.LagartoBasedHtmlParser
2020-03-18 17:58:21,261 INFO o.a.j.p.h.s.HTTPSamplerBase: Parser for text/xml is org.apache.jmeter.protocol.http.parser.LagartoBasedHtmlParser
2020-03-18 17:58:21,261 INFO o.a.j.p.h.s.HTTPSamplerBase: Parser for text/vnd.wap.wml is org.apache.jmeter.protocol.http.parser.RegexpHTMLParser
2020-03-18 17:58:21,261 INFO o.a.j.p.h.s.HTTPSamplerBase: Parser for text/css is org.apache.jmeter.protocol.http.parser.CssParser
2020-03-18 17:58:21,279 INFO o.a.j.p.h.c.CookieManager: Settings: Delete null: true Check: true Allow variable: true Save: false Prefix: COOKIE_
2020-03-18 17:58:21,289 INFO o.a.j.JMeter: Creating summariser <summary>
2020-03-18 17:58:21,294 INFO o.a.j.r.d.ReportGenerator: ReportGenerator will use for Parsing the separator: ','
2020-03-18 17:58:21,294 INFO o.a.j.r.d.ReportGenerator: Will generate report at end of test from  results file: x/jmeter/results
2020-03-18 17:58:21,294 INFO o.a.j.r.d.ReportGenerator: Reading report generator properties from: /usr/local/Cellar/jmeter/5.2.1/libexec/bin/reportgenerator.properties
2020-03-18 17:58:21,295 INFO o.a.j.r.d.ReportGenerator: Merging with JMeter properties
2020-03-18 17:58:21,299 INFO o.a.j.r.c.ReportGeneratorConfiguration: Property 'jmeter.reportgenerator.temp_dir' not found, using default value 'temp' instead.
2020-03-18 17:58:21,302 INFO o.a.j.r.c.ReportGeneratorConfiguration: Property 'jmeter.reportgenerator.apdex_per_transaction' not found, using default value 'null' instead.
2020-03-18 17:58:21,302 INFO o.a.j.r.c.ReportGeneratorConfiguration: apdex_per_transaction is empty, not APDEX per transaction customization
2020-03-18 17:58:21,302 INFO o.a.j.r.c.ReportGeneratorConfiguration: Property 'jmeter.reportgenerator.sample_filter' not found, using default value 'null' instead.
2020-03-18 17:58:21,303 INFO o.a.j.r.c.ReportGeneratorConfiguration: Property 'jmeter.reportgenerator.report_title' not found, using default value 'null' instead.
2020-03-18 17:58:21,303 INFO o.a.j.r.c.ReportGeneratorConfiguration: Property 'jmeter.reportgenerator.start_date' not found, using default value 'null' instead.
2020-03-18 17:58:21,303 INFO o.a.j.r.c.ReportGeneratorConfiguration: Property 'jmeter.reportgenerator.end_date' not found, using default value 'null' instead.
2020-03-18 17:58:21,303 INFO o.a.j.r.c.ReportGeneratorConfiguration: Property 'jmeter.reportgenerator.date_format' not found, using default value 'null' instead.
2020-03-18 17:58:21,303 INFO o.a.j.r.c.ReportGeneratorConfiguration: Will use date range start date: null, end date: null
2020-03-18 17:58:21,307 INFO o.a.j.r.c.ReportGeneratorConfiguration: Property 'jmeter.reportgenerator.graph.totalTPS.exclude_controllers' not found, using default value 'false' instead.
2020-03-18 17:58:21,308 INFO o.a.j.r.c.ReportGeneratorConfiguration: Property 'jmeter.reportgenerator.graph.activeThreadsOverTime.exclude_controllers' not found, using default value 'false' instead.
2020-03-18 17:58:21,308 INFO o.a.j.r.c.ReportGeneratorConfiguration: Property 'jmeter.reportgenerator.graph.timeVsThreads.exclude_controllers' not found, using default value 'false' instead.
2020-03-18 17:58:21,308 INFO o.a.j.r.c.ReportGeneratorConfiguration: Property 'jmeter.reportgenerator.graph.responseTimeDistribution.exclude_controllers' not found, using default value 'false' instead.
2020-03-18 17:58:21,308 INFO o.a.j.r.c.ReportGeneratorConfiguration: Property 'jmeter.reportgenerator.graph.transactionsPerSecond.exclude_controllers' not found, using default value 'false' instead.
2020-03-18 17:58:21,308 INFO o.a.j.r.c.ReportGeneratorConfiguration: Property 'jmeter.reportgenerator.graph.responseTimePercentiles.exclude_controllers' not found, using default value 'false' instead.
2020-03-18 17:58:21,309 INFO o.a.j.r.c.ReportGeneratorConfiguration: Property 'jmeter.reportgenerator.graph.responseTimePercentilesOverTime.exclude_controllers' not found, using default value 'false' instead.
2020-03-18 17:58:21,309 INFO o.a.j.r.c.ReportGeneratorConfiguration: Property 'jmeter.reportgenerator.graph.responseTimesOverTime.exclude_controllers' not found, using default value 'false' instead.
2020-03-18 17:58:21,309 INFO o.a.j.r.c.ReportGeneratorConfiguration: Property 'jmeter.reportgenerator.graph.connectTimeOverTime.exclude_controllers' not found, using default value 'false' instead.
2020-03-18 17:58:21,309 INFO o.a.j.r.c.ReportGeneratorConfiguration: Property 'jmeter.reportgenerator.graph.latenciesOverTime.exclude_controllers' not found, using default value 'false' instead.
2020-03-18 17:58:21,310 INFO o.a.j.r.c.ReportGeneratorConfiguration: Property 'jmeter.reportgenerator.exporter.json.filters_only_sample_series' not found, using default value 'true' instead.
2020-03-18 17:58:21,311 INFO o.a.j.r.c.ReportGeneratorConfiguration: Property 'jmeter.reportgenerator.exporter.json.series_filter' not found, using default value '' instead.
2020-03-18 17:58:21,311 INFO o.a.j.r.c.ReportGeneratorConfiguration: Property 'jmeter.reportgenerator.exporter.json.show_controllers_only' not found, using default value 'false' instead.
2020-03-18 17:58:21,311 INFO o.a.j.r.c.ReportGeneratorConfiguration: Property 'jmeter.reportgenerator.exporter.html.filters_only_sample_series' not found, using default value 'true' instead.
2020-03-18 17:58:21,311 INFO o.a.j.r.c.ReportGeneratorConfiguration: Property 'jmeter.reportgenerator.exporter.html.series_filter' not found, using default value '' instead.
2020-03-18 17:58:21,311 INFO o.a.j.r.c.ReportGeneratorConfiguration: Property 'jmeter.reportgenerator.exporter.html.show_controllers_only' not found, using default value 'false' instead.
2020-03-18 17:58:21,315 INFO o.a.j.e.StandardJMeterEngine: Running the test!
2020-03-18 17:58:21,316 INFO o.a.j.s.SampleEvent: List of sample_variables: []
2020-03-18 17:58:21,316 INFO o.a.j.s.SampleEvent: List of sample_variables: []
2020-03-18 17:58:21,322 INFO o.a.j.e.u.CompoundVariable: Note: Function class names must contain the string: '.functions.'
2020-03-18 17:58:21,322 INFO o.a.j.e.u.CompoundVariable: Note: Function class names must not contain the string: '.gui.'
2020-03-18 17:58:21,643 INFO o.a.j.JMeter: Running test (1584507501643)
2020-03-18 17:58:21,675 INFO o.a.j.e.StandardJMeterEngine: Starting ThreadGroup: 1 : Thread Group
2020-03-18 17:58:21,675 INFO o.a.j.e.StandardJMeterEngine: Starting 1 threads for group Thread Group.
2020-03-18 17:58:21,675 INFO o.a.j.e.StandardJMeterEngine: Thread will continue on error
2020-03-18 17:58:21,675 INFO o.a.j.t.ThreadGroup: Starting thread group... number=1 threads=1 ramp-up=120 delayedStart=false
2020-03-18 17:58:21,679 INFO o.a.j.t.ThreadGroup: Started thread group number 1
2020-03-18 17:58:21,680 INFO o.a.j.e.StandardJMeterEngine: All thread groups have been started
2020-03-18 17:58:21,681 INFO o.a.j.t.JMeterThread: Thread started: Thread Group 1-1
2020-03-18 17:58:21,696 INFO o.a.j.p.h.s.HTTPHCAbstractImpl: Local host = groat.local
2020-03-18 17:58:21,701 INFO o.a.j.p.h.s.HTTPHC4Impl: HTTP request retry count = 0
2020-03-18 17:58:21,703 INFO o.a.j.s.SampleResult: Note: Sample TimeStamps are START times
2020-03-18 17:58:21,703 INFO o.a.j.s.SampleResult: sampleresult.default.encoding is set to ISO-8859-1
2020-03-18 17:58:21,703 INFO o.a.j.s.SampleResult: sampleresult.useNanoTime=true
2020-03-18 17:58:21,703 INFO o.a.j.s.SampleResult: sampleresult.nanoThreadSleep=5000
2020-03-18 17:58:21,843 INFO o.a.j.p.h.s.h.LazyLayeredConnectionSocketFactory: Setting up HTTPS TrustAll Socket Factory
2020-03-18 17:58:21,848 INFO o.a.j.u.JsseSSLManager: Using default SSL protocol: TLS
2020-03-18 17:58:21,848 INFO o.a.j.u.JsseSSLManager: SSL session context: per-thread
2020-03-18 17:58:22,041 INFO o.a.j.u.SSLManager: JmeterKeyStore Location:  type JKS
2020-03-18 17:58:22,042 INFO o.a.j.u.SSLManager: KeyStore created OK
2020-03-18 17:58:22,042 WARN o.a.j.u.SSLManager: Keystore file not found, loading empty keystore
2020-03-18 18:03:23,917 INFO o.a.j.t.JMeterThread: Thread is done: Thread Group 1-1
2020-03-18 18:03:23,918 INFO o.a.j.t.JMeterThread: Thread finished: Thread Group 1-1
2020-03-18 18:03:23,919 INFO o.a.j.e.StandardJMeterEngine: Notifying test listeners of end of test
2020-03-18 18:03:23,922 INFO o.a.j.r.Summariser: summary =      5 in 00:05:02 =    0.0/s Avg: 60432 Min: 60361 Max: 60663 Err:     5 (100.00%)
2020-03-18 18:03:23,923 INFO o.a.j.JMeter: Generating Dashboard
2020-03-18 18:03:23,923 INFO o.a.j.r.d.ReportGenerator: Flushing result collector before report Generation
2020-03-18 18:03:23,940 INFO o.a.j.r.p.NormalizerSampleConsumer: Using format, 'ms', to parse timeStamp field
2020-03-18 18:03:23,995 INFO o.a.j.r.p.AbstractSampleConsumer: class org.apache.jmeter.report.processor.AggregateConsumer#stopProducing(): beginDate produced 0 samples
2020-03-18 18:03:23,995 INFO o.a.j.r.p.AbstractSampleConsumer: class org.apache.jmeter.report.processor.AggregateConsumer#stopProducing(): endDate produced 0 samples
2020-03-18 18:03:23,997 INFO o.a.j.r.p.AbstractSampleConsumer: class org.apache.jmeter.report.processor.ApdexSummaryConsumer#stopProducing(): apdexSummary produced 0 samples
2020-03-18 18:03:23,997 INFO o.a.j.r.p.AbstractSampleConsumer: class org.apache.jmeter.report.processor.RequestsSummaryConsumer#stopProducing(): requestsSummary produced 0 samples
2020-03-18 18:03:24,005 INFO o.a.j.r.p.AbstractSampleConsumer: class org.apache.jmeter.report.processor.StatisticsSummaryConsumer#stopProducing(): statisticsSummary produced 0 samples
2020-03-18 18:03:24,009 INFO o.a.j.r.p.AbstractSampleConsumer: class org.apache.jmeter.report.processor.Top5ErrorsBySamplerConsumer#stopProducing(): top5ErrorsBySampler produced 0 samples
2020-03-18 18:03:24,010 INFO o.a.j.r.p.AbstractSampleConsumer: class org.apache.jmeter.report.processor.ErrorsSummaryConsumer#stopProducing(): errorsSummary produced 0 samples
2020-03-18 18:03:24,010 INFO o.a.j.r.p.AbstractSampleConsumer: class org.apache.jmeter.report.processor.graph.impl.HitsPerSecondGraphConsumer#stopProducing(): hitsPerSecond produced 0 samples
2020-03-18 18:03:24,018 INFO o.a.j.r.p.AbstractSampleConsumer: class org.apache.jmeter.report.processor.graph.impl.LatencyVSRequestGraphConsumer#stopProducing(): latencyVsRequest produced 0 samples
2020-03-18 18:03:24,018 INFO o.a.j.r.p.AbstractSampleConsumer: class org.apache.jmeter.report.processor.graph.impl.SyntheticResponseTimeDistributionGraphConsumer#stopProducing(): syntheticResponseTimeDistribution produced 0 samples
2020-03-18 18:03:24,018 INFO o.a.j.r.p.AbstractSampleConsumer: class org.apache.jmeter.report.processor.graph.impl.BytesThroughputGraphConsumer#stopProducing(): bytesThroughputOverTime produced 0 samples
2020-03-18 18:03:24,019 INFO o.a.j.r.p.AbstractSampleConsumer: class org.apache.jmeter.report.processor.graph.impl.CodesPerSecondGraphConsumer#stopProducing(): codesPerSecond produced 0 samples
2020-03-18 18:03:24,021 INFO o.a.j.r.p.AbstractSampleConsumer: class org.apache.jmeter.report.processor.graph.impl.ResponseTimeVSRequestGraphConsumer#stopProducing(): responseTimeVsRequest produced 0 samples
2020-03-18 18:03:24,021 INFO o.a.j.r.p.AbstractSampleConsumer: class org.apache.jmeter.report.processor.FilterConsumer#stopProducing(): startIntervalControlerFilter produced 35 samples
2020-03-18 18:03:24,021 INFO o.a.j.r.p.AbstractSampleConsumer: class org.apache.jmeter.report.processor.graph.impl.TotalTPSGraphConsumer#stopProducing(): totalTPS produced 0 samples
2020-03-18 18:03:24,021 INFO o.a.j.r.p.AbstractSampleConsumer: class org.apache.jmeter.report.processor.graph.impl.ActiveThreadsGraphConsumer#stopProducing(): activeThreadsOverTime produced 0 samples
2020-03-18 18:03:24,021 INFO o.a.j.r.p.AbstractSampleConsumer: class org.apache.jmeter.report.processor.graph.impl.TimeVSThreadGraphConsumer#stopProducing(): timeVsThreads produced 0 samples
2020-03-18 18:03:24,021 INFO o.a.j.r.p.AbstractSampleConsumer: class org.apache.jmeter.report.processor.graph.impl.ResponseTimeDistributionGraphConsumer#stopProducing(): responseTimeDistribution produced 0 samples
2020-03-18 18:03:24,022 INFO o.a.j.r.p.AbstractSampleConsumer: class org.apache.jmeter.report.processor.graph.impl.TransactionsPerSecondGraphConsumer#stopProducing(): transactionsPerSecond produced 0 samples
2020-03-18 18:03:24,022 INFO o.a.j.r.p.AbstractSampleConsumer: class org.apache.jmeter.report.processor.graph.impl.ResponseTimePercentilesGraphConsumer#stopProducing(): responseTimePercentiles produced 0 samples
2020-03-18 18:03:24,025 INFO o.a.j.r.p.AbstractSampleConsumer: class org.apache.jmeter.report.processor.graph.impl.ResponseTimePercentilesOverTimeGraphConsumer#stopProducing(): responseTimePercentilesOverTime produced 0 samples
2020-03-18 18:03:24,025 INFO o.a.j.r.p.AbstractSampleConsumer: class org.apache.jmeter.report.processor.graph.impl.ResponseTimeOverTimeGraphConsumer#stopProducing(): responseTimesOverTime produced 0 samples
2020-03-18 18:03:24,025 INFO o.a.j.r.p.AbstractSampleConsumer: class org.apache.jmeter.report.processor.graph.impl.ConnectTimeOverTimeGraphConsumer#stopProducing(): connectTimeOverTime produced 0 samples
2020-03-18 18:03:24,025 INFO o.a.j.r.p.AbstractSampleConsumer: class org.apache.jmeter.report.processor.graph.impl.LatencyOverTimeGraphConsumer#stopProducing(): latenciesOverTime produced 0 samples
2020-03-18 18:03:24,025 INFO o.a.j.r.p.AbstractSampleConsumer: class org.apache.jmeter.report.processor.FilterConsumer#stopProducing(): nameFilter produced 75 samples
2020-03-18 18:03:24,025 INFO o.a.j.r.p.AbstractSampleConsumer: class org.apache.jmeter.report.processor.FilterConsumer#stopProducing(): dateRangeFilter produced 15 samples
2020-03-18 18:03:24,025 INFO o.a.j.r.p.AbstractSampleConsumer: class org.apache.jmeter.report.processor.NormalizerSampleConsumer#stopProducing(): normalizer produced 5 samples
2020-03-18 18:03:24,025 INFO o.a.j.r.p.CsvFileSampleSource: produce(): 5 samples produced in 62ms on channel 0
2020-03-18 18:03:24,026 INFO o.a.j.r.d.ReportGenerator: Exporting data using exporter:'json' of className:'org.apache.jmeter.report.dashboard.JsonExporter'
2020-03-18 18:03:24,027 INFO o.a.j.r.d.JsonExporter: Found data for consumer statisticsSummary in context
2020-03-18 18:03:24,027 INFO o.a.j.r.d.JsonExporter: Creating statistics for overall
2020-03-18 18:03:24,028 INFO o.a.j.r.d.JsonExporter: Creating statistics for other transactions
2020-03-18 18:03:24,028 INFO o.a.j.r.d.JsonExporter: Checking output folder
2020-03-18 18:03:24,028 INFO o.a.j.r.d.JsonExporter: Writing statistics JSON to /Users/watkinsav/workspace/voluntarily/vly2/x/jmeter/webout/statistics.json
2020-03-18 18:03:24,194 INFO o.a.j.r.d.ReportGenerator: Exporting data using exporter:'html' of className:'org.apache.jmeter.report.dashboard.HtmlTemplateExporter'
2020-03-18 18:03:24,196 INFO o.a.j.r.d.HtmlTemplateExporter: Will generate dashboard in folder: /Users/watkinsav/workspace/voluntarily/vly2/x/jmeter/webout
2020-03-18 18:03:24,289 INFO o.a.j.r.d.HtmlTemplateExporter: Report will be generated in: /Users/watkinsav/workspace/voluntarily/vly2/x/jmeter/webout, creating folder structure
2020-03-18 18:03:24,292 INFO o.a.j.r.d.TemplateVisitor: Copying folder from '/usr/local/Cellar/jmeter/5.2.1/libexec/bin/report-template' to '/Users/watkinsav/workspace/voluntarily/vly2/x/jmeter/webout', got message: /Users/watkinsav/workspace/voluntarily/vly2/x/jmeter/webout, found non empty folder with following content [/Users/watkinsav/workspace/voluntarily/vly2/x/jmeter/webout/statistics.json], will be ignored
2020-03-18 18:03:24,728 INFO o.a.j.JMeter: Dashboard generated
